epoch,encdiff,prederr,prior_entropy,encmean,mine
0	1.4178496409537425e-05	9.670826633130977e-06	2.3008246421813965	0.0007006846717558801	-9.735425313313801e-07
50	0.0009240971218484143	9.202851530668947e-05	2.2969491481781006	0.16029552618662515	-7.301568984985352e-07
100	0.003939460419739286	0.00037231718791493523	2.288893938064575	0.6415396432081858	-1.708666483561198e-06
150	0.006708240446945031	0.0006169169306910286	2.290954113006592	0.9821257789929708	-1.5437602996826172e-05
200	0.00955954046609501	0.0008605869273499896	2.2868478298187256	1.2449859778086345	-0.00014753639698028564
250	0.012564114294946194	0.0011137034161947668	2.286864757537842	1.5386240084966023	-0.0010361770788828533
300	0.01557688151175777	0.0013642475435820718	2.2863352298736572	1.7770167589187622	-0.005898922681808472
350	0.018547684885561466	0.0016048266552388668	2.2957520484924316	2.043550650278727	-0.028187761704126995
400	0.02160497506459554	0.0018552241963334382	2.2933788299560547	2.309045394261678	-0.10042556126912434
450	0.02441710450996955	0.0020834908355027437	2.242915630340576	2.546698570251465	-0.249798983335495
500	0.02754838236918052	0.002328155484671394	2.2966489791870117	2.8181042671203613	-0.44321198264757794
550	0.030042447770635288	0.0025248760745550194	2.2966082096099854	3.074460824330648	-0.6431977947552999
600	0.03237976009647051	0.0027007428385938206	2.280092239379883	3.3078646659851074	-0.802331288655599
650	0.03415393984566132	0.002829905948601663	2.292703628540039	3.4896486600240073	-0.9025340676307678
700	0.03561140286425749	0.0029384934653838477	2.285757541656494	3.6298158168792725	-0.9802640080451965
750	0.03624971552441517	0.0029667775767544904	2.2819724082946777	3.707735776901245	-1.033989389737447
800	0.03629445160428683	0.0029465989597762623	2.2832937240600586	3.728623946507772	-1.0734663407007854
850	0.036512660793960094	0.002946941298432648	2.264496088027954	3.772477467854818	-1.098813573519389
900	0.03644217581798633	0.0029196767136454582	2.2874248027801514	3.804511864980062	-1.1188772122065227
950	0.03640390715251366	0.002896381619696816	2.1264822483062744	3.737386624018351	-1.1435752113660176
1000	0.036859711011250816	0.0029116167376438775	2.2721774578094482	3.7851524353027344	-1.145440141359965
1050	0.036126207249859967	0.002834871062077582	2.268512725830078	3.68951145807902	-1.1816309690475464
1100	0.035583605679372944	0.0027837560046464205	2.2709178924560547	3.6503562132517495	-1.18100901444753
1150	0.03503835232307514	0.002729815236913661	2.266960382461548	3.5740514596303306	-1.2253515720367432
1200	0.03456603363156319	0.002671075635589659	2.2190439701080322	3.520134210586548	-1.2516115109125774
1250	0.034488231875002384	0.0026460721467932067	2.2694718837738037	3.4900496006011963	-1.240928332010905
1300	0.0354905112956961	0.0027169511498262486	2.256744384765625	3.511253515879313	-1.2479154666264851
1350	0.03587712223331133	0.0027182731622209153	2.1775355339050293	3.59975528717041	-1.2460464636484783
1400	0.03525083481023709	0.002649331853414575	2.2350833415985107	3.507124900817871	-1.3026849031448364
1450	0.03500129903356234	0.0026313665245349207	2.208292007446289	3.451065460840861	-1.334330717722575
1500	0.03396415834625562	0.0025298109588523707	2.2464704513549805	3.3458292484283447	-1.319264014561971
1550	0.03329051875819763	0.00245571198562781	2.255826473236084	3.3658295472462973	-1.322670539220174
1600	0.032448522125681244	0.0023900048108771443	2.2273507118225098	3.262051741282145	-1.3262181679407756
1650	0.032584277292092644	0.0024021105685581765	2.1346137523651123	3.311072746912638	-1.2940425475438435
1700	0.033083388581871986	0.0024282573722302914	2.1743879318237305	3.2516911824544272	-1.2857494751612346
1750	0.032426622385780014	0.0023742453971256814	2.2506635189056396	3.2584823767344155	-1.306336522102356
1800	0.03237504605203867	0.0023492408993964395	2.174839973449707	3.447681268056234	-1.3125513792037964
1850	0.03203471625844637	0.002327587998782595	2.1563026905059814	3.3399033546447754	-1.3484692573547363
1900	0.03235691258062919	0.0023315947813292346	2.233954906463623	3.465016762415568	-1.3479953209559123
1950	0.03215004379550616	0.0023068711161613464	2.2385811805725098	3.3250906467437744	-1.441031535466512
2000	0.03134469036012888	0.002238180177907149	2.242037057876587	3.253488461176554	-1.4631983836491902
2050	0.03031471899400155	0.0021537785651162267	2.158247947692871	3.2806754112243652	-1.558297038078308
2100	0.030359167295197647	0.0021392427928124866	2.275569200515747	3.4584829807281494	-1.5154870351155598
2150	0.031736984848976135	0.0022319977482159934	2.219701051712036	3.116222302118937	-1.5863713423411052
2200	0.03210842174788316	0.002273593369560937	2.2480502128601074	3.0303783416748047	-1.5629489421844482
2250	0.0319809370363752	0.0022313055427124104	2.1982839107513428	3.0551509062449136	-1.5479559501012166
2300	0.031094474097092945	0.0021729133247087398	2.255598306655884	2.8597195148468018	-1.5678271055221558
2350	0.03273484297096729	0.0022738265494505563	2.20432186126709	3.074107011159261	-1.6344773769378662
2400	0.03117863057802121	0.002150231429065267	2.2167160511016846	3.175852616628011	-1.6637763977050781
2450	0.028852991449336212	0.0019952293563013277	2.22160005569458	3.1697261333465576	-1.6834001938501995
2500	0.028462390415370464	0.001972996862605214	2.2336602210998535	3.2752509911855063	-1.7820542653401692
2550	0.027603215848406155	0.001951763949667414	2.2641401290893555	3.2790352503458657	-1.8481874465942383
2600	0.027037924776474636	0.0018740728652725618	2.160390853881836	3.302149454752604	-1.8938206036885579
2650	0.02726700094838937	0.0018587564506257574	2.265125274658203	3.3857776323954263	-1.945183793703715
2700	0.02742512555172046	0.0018385623892148335	2.1279163360595703	3.6890767415364585	-1.9244668086369832
2750	0.026612177180747192	0.0017959981147820752	2.2708353996276855	3.3122774759928384	-1.8508729934692383
2800	0.025980469460288685	0.0017311054980382323	2.2277393341064453	3.455705006917318	-1.839548667271932
2850	0.02614092423270146	0.001732170853453378	2.2424397468566895	3.244507630666097	-1.8778142929077148
2900	0.026538644296427567	0.0017364543940251072	2.235426187515259	3.3415358861287436	-1.8485784530639648
2950	0.0257714306935668	0.0016734651289880276	2.1901023387908936	3.2354350884755454	-1.8023560047149658
3000	0.026100949694712956	0.0016964634026711185	2.135523557662964	3.4164536794026694	-1.8010578155517578
3050	0.025856406427919865	0.0016531352885067463	2.1455655097961426	3.217613379160563	-1.8108506600062053
3100	0.025952914729714394	0.0016618012450635433	2.245695114135742	3.2590510845184326	-1.844500223795573
3150	0.024539551387230556	0.0015843748697079718	2.260678291320801	3.196491320927938	-1.835126241048177
3200	0.02524301006148259	0.0016062437207438052	2.22190523147583	3.0075841744740806	-1.937100609143575
3250	0.025965680368244648	0.0016478979960083961	2.1658377647399902	3.125173012415568	-1.8402795791625977
3300	0.02351652489354213	0.0015252861194312572	2.2417778968811035	3.0458309650421143	-1.9199309349060059
3350	0.024868345508972805	0.0016030264475072424	2.239640235900879	3.2695083618164062	-1.7114805380503337
3400	0.02449235940972964	0.0015539396942282717	2.245819091796875	3.2480038007100425	-1.3464529514312744
3450	0.024734642977515858	0.0015891489650433261	2.2031235694885254	3.5775135358174643	-1.6003166437149048
3500	0.023684986556569736	0.0015060798032209277	2.2525811195373535	3.584202448527018	-2.1215535402297974
3550	0.023740296562512715	0.0015108635804305475	2.24957275390625	3.8281517028808594	-2.2424959341684976
3600	0.023127976184089977	0.0014717015825832884	2.131371021270752	3.7893996238708496	-1.967892050743103
3650	0.02380650428434213	0.001502660452388227	2.261847496032715	3.8110462029774985	-1.7960745493570964
3700	0.021929108848174412	0.0013622676488012075	2.0661282539367676	3.5520443121592202	-2.1688042879104614
3750	0.02207901980727911	0.0014089662969733279	2.205040216445923	3.54903777440389	-1.9309300184249878
3800	0.02169254266967376	0.0014132109936326742	2.246821403503418	3.742487827936808	-2.091743071873983
3850	0.023092566678921383	0.0014452284667640924	2.2149877548217773	3.135661999384562	-2.4066898822784424
3900	0.022818539291620255	0.0014366966594631474	2.2154552936553955	3.0735687414805093	-2.392533779144287
3950	0.021758510420719784	0.0013683845560687284	2.2291653156280518	3.0025525093078613	-2.2625017563501992
4000	0.02354454497496287	0.0014680199092254043	2.1494154930114746	2.8654658794403076	-2.3948935667673745
4050	0.024042377558847267	0.0015482736052945256	2.2634897232055664	3.0324200789133706	-2.426951289176941
4100	0.022265005235870678	0.0014495395977670948	2.2306888103485107	2.831443468729655	-2.1067782243092856
4150	0.023956970622142155	0.0015559349752341707	2.1180171966552734	3.419442971547445	-2.6573921044667563
4200	0.023054939384261768	0.0015483107805872958	2.182805061340332	2.9007898966471353	-1.9855367342631023
4250	0.023464554299910862	0.001485931648251911	2.2162938117980957	3.0948174794514975	-2.378309726715088
4300	0.023744191353519756	0.001525545686793824	2.1739187240600586	3.078857978185018	-2.6288352807362876
4350	0.023146025836467743	0.001500465984766682	2.17488169670105	3.175358215967814	-2.6204514503479004
4400	0.023515150261421997	0.0014950412247950833	2.2495346069335938	3.0733981132507324	-2.3159964084625244
4450	0.021790831660230953	0.0013950660747165482	2.215982675552368	2.7726279894510903	-2.4399441878000894
4500	0.022185295820236206	0.0014750948563839	2.254824638366699	2.941652774810791	-2.4801735083262124
4550	0.021404302679002285	0.0014029697437460225	2.1266469955444336	2.9541468620300293	-1.8643064498901367
4600	0.020493253755072754	0.0013695462645652394	2.2309484481811523	2.762152115503947	-1.738757332166036
4650	0.021292420104146004	0.0013847918210861583	2.2410333156585693	2.9632111390431723	-2.1223882039388022
4700	0.02289278122286002	0.0015036636808266242	2.18198823928833	2.9531056880950928	-2.181248108545939
4750	0.020808631243805092	0.0014078864866557221	2.2669520378112793	2.7672324975331626	-1.9567991097768147
4800	0.021510505427916844	0.001439185192187627	2.211264133453369	2.9531732400258384	-2.249178171157837
4850	0.020330654146770637	0.0014185119265069563	2.2201061248779297	2.9062513510386148	-1.7996590932210286
4900	0.018637271597981453	0.0013243923118958871	2.1633453369140625	2.7015143235524497	-1.3261425296465557
4950	0.021947077475488186	0.0014842597302049398	2.2182388305664062	2.946564277013143	-1.4548304080963135
